# JRE version: Java(TM) SE Runtime Environment (8.0_111-b14) (build 1.8.0_111-b14)
# Java VM: Java HotSpot(TM) 64-Bit Server VM (25.111-b14 mixed mode windows-amd64 compressed oops)
Heap:
 PSYoungGen      total 466432K, used 345872K [0x00000000e0000000, 0x00000000ffe80000, 0x0000000100000000)
  eden space 411648K, 82% used [0x00000000e0000000,0x00000000f4a0b5a0,0x00000000f9200000)
  from space 54784K, 14% used [0x00000000f9200000,0x00000000f99b8bf8,0x00000000fc780000)
  to   space 53760K, 0% used [0x00000000fca00000,0x00000000fca00000,0x00000000ffe80000)
 ParOldGen       total 314880K, used 159473K [0x00000000a0000000, 0x00000000b3380000, 0x00000000e0000000)
  object space 314880K, 50% used [0x00000000a0000000,0x00000000a9bbc578,0x00000000b3380000)
 Metaspace       used 76099K, capacity 77972K, committed 78296K, reserved 1118208K
  class space    used 9632K, capacity 10085K, committed 10200K, reserved 1048576K
GC Heap History (10 events):
Event: 20.652 GC heap before
{Heap before GC invocations=21 (full 3):
 PSYoungGen      total 310784K, used 40576K [0x00000000e0000000, 0x00000000fb180000, 0x0000000100000000)
  eden space 254976K, 2% used [0x00000000e0000000,0x00000000e0739530,0x00000000ef900000)
  from space 55808K, 59% used [0x00000000ef900000,0x00000000f1966eb8,0x00000000f2f80000)
  to   space 56320K, 0% used [0x00000000f7a80000,0x00000000f7a80000,0x00000000fb180000)
 ParOldGen       total 174080K, used 141777K [0x00000000a0000000, 0x00000000aaa00000, 0x00000000e0000000)
  object space 174080K, 81% used [0x00000000a0000000,0x00000000a8a74520,0x00000000aaa00000)
 Metaspace       used 64018K, capacity 65594K, committed 65880K, reserved 1105920K
  class space    used 8346K, capacity 8744K, committed 8792K, reserved 1048576K
Event: 20.711 GC heap after
Heap after GC invocations=21 (full 3):
 PSYoungGen      total 387072K, used 1472K [0x00000000e0000000, 0x00000000fc080000, 0x0000000100000000)
  eden space 330752K, 0% used [0x00000000e0000000,0x00000000e0000000,0x00000000f4300000)
  from space 56320K, 2% used [0x00000000f7a80000,0x00000000f7bf0000,0x00000000fb180000)
  to   space 56832K, 0% used [0x00000000f4300000,0x00000000f4300000,0x00000000f7a80000)
 ParOldGen       total 174080K, used 173627K [0x00000000a0000000, 0x00000000aaa00000, 0x00000000e0000000)
  object space 174080K, 99% used [0x00000000a0000000,0x00000000aa98ed98,0x00000000aaa00000)
 Metaspace       used 64018K, capacity 65594K, committed 65880K, reserved 1105920K
  class space    used 8346K, capacity 8744K, committed 8792K, reserved 1048576K
}
Event: 20.711 GC heap before
{Heap before GC invocations=22 (full 4):
 PSYoungGen      total 387072K, used 1472K [0x00000000e0000000, 0x00000000fc080000, 0x0000000100000000)
  eden space 330752K, 0% used [0x00000000e0000000,0x00000000e0000000,0x00000000f4300000)
  from space 56320K, 2% used [0x00000000f7a80000,0x00000000f7bf0000,0x00000000fb180000)
  to   space 56832K, 0% used [0x00000000f4300000,0x00000000f4300000,0x00000000f7a80000)
 ParOldGen       total 174080K, used 173627K [0x00000000a0000000, 0x00000000aaa00000, 0x00000000e0000000)
  object space 174080K, 99% used [0x00000000a0000000,0x00000000aa98ed98,0x00000000aaa00000)
 Metaspace       used 64018K, capacity 65594K, committed 65880K, reserved 1105920K
  class space    used 8346K, capacity 8744K, committed 8792K, reserved 1048576K
Event: 21.858 GC heap after
Heap after GC invocations=22 (full 4):
 PSYoungGen      total 387072K, used 0K [0x00000000e0000000, 0x00000000fc080000, 0x0000000100000000)
  eden space 330752K, 0% used [0x00000000e0000000,0x00000000e0000000,0x00000000f4300000)
  from space 56320K, 0% used [0x00000000f7a80000,0x00000000f7a80000,0x00000000fb180000)
  to   space 56832K, 0% used [0x00000000f4300000,0x00000000f4300000,0x00000000f7a80000)
 ParOldGen       total 314880K, used 138144K [0x00000000a0000000, 0x00000000b3380000, 0x00000000e0000000)
  object space 314880K, 43% used [0x00000000a0000000,0x00000000a86e8178,0x00000000b3380000)
 Metaspace       used 64015K, capacity 65586K, committed 65880K, reserved 1105920K
  class space    used 8345K, capacity 8742K, committed 8792K, reserved 1048576K
}
Event: 23.554 GC heap before
{Heap before GC invocations=23 (full 4):
 PSYoungGen      total 387072K, used 330752K [0x00000000e0000000, 0x00000000fc080000, 0x0000000100000000)
  eden space 330752K, 100% used [0x00000000e0000000,0x00000000f4300000,0x00000000f4300000)
  from space 56320K, 0% used [0x00000000f7a80000,0x00000000f7a80000,0x00000000fb180000)
  to   space 56832K, 0% used [0x00000000f4300000,0x00000000f4300000,0x00000000f7a80000)
 ParOldGen       total 314880K, used 138144K [0x00000000a0000000, 0x00000000b3380000, 0x00000000e0000000)
  object space 314880K, 43% used [0x00000000a0000000,0x00000000a86e8178,0x00000000b3380000)
 Metaspace       used 64190K, capacity 65748K, committed 65880K, reserved 1105920K
  class space    used 8356K, capacity 8775K, committed 8792K, reserved 1048576K
Event: 23.613 GC heap after
Heap after GC invocations=23 (full 4):
 PSYoungGen      total 387584K, used 27094K [0x00000000e0000000, 0x00000000ffe80000, 0x0000000100000000)
  eden space 330752K, 0% used [0x00000000e0000000,0x00000000e0000000,0x00000000f4300000)
  from space 56832K, 47% used [0x00000000f4300000,0x00000000f5d759e8,0x00000000f7a80000)
  to   space 55808K, 0% used [0x00000000fc800000,0x00000000fc800000,0x00000000ffe80000)
 ParOldGen       total 314880K, used 138152K [0x00000000a0000000, 0x00000000b3380000, 0x00000000e0000000)
  object space 314880K, 43% used [0x00000000a0000000,0x00000000a86ea178,0x00000000b3380000)
 Metaspace       used 64190K, capacity 65748K, committed 65880K, reserved 1105920K
  class space    used 8356K, capacity 8775K, committed 8792K, reserved 1048576K
}
Event: 24.547 GC heap before
{Heap before GC invocations=24 (full 4):
 PSYoungGen      total 387584K, used 356984K [0x00000000e0000000, 0x00000000ffe80000, 0x0000000100000000)
  eden space 330752K, 99% used [0x00000000e0000000,0x00000000f42286c8,0x00000000f4300000)
  from space 56832K, 47% used [0x00000000f4300000,0x00000000f5d759e8,0x00000000f7a80000)
  to   space 55808K, 0% used [0x00000000fc800000,0x00000000fc800000,0x00000000ffe80000)
 ParOldGen       total 314880K, used 138152K [0x00000000a0000000, 0x00000000b3380000, 0x00000000e0000000)
  object space 314880K, 43% used [0x00000000a0000000,0x00000000a86ea178,0x00000000b3380000)
 Metaspace       used 66125K, capacity 67762K, committed 67928K, reserved 1107968K
  class space    used 8629K, capacity 9040K, committed 9048K, reserved 1048576K
Event: 24.594 GC heap after
Heap after GC invocations=24 (full 4):
 PSYoungGen      total 465920K, used 6110K [0x00000000e0000000, 0x00000000ffd00000, 0x0000000100000000)
  eden space 411648K, 0% used [0x00000000e0000000,0x00000000e0000000,0x00000000f9200000)
  from space 54272K, 11% used [0x00000000fc800000,0x00000000fcdf7a48,0x00000000ffd00000)
  to   space 54784K, 0% used [0x00000000f9200000,0x00000000f9200000,0x00000000fc780000)
 ParOldGen       total 314880K, used 158445K [0x00000000a0000000, 0x00000000b3380000, 0x00000000e0000000)
  object space 314880K, 50% used [0x00000000a0000000,0x00000000a9abb520,0x00000000b3380000)
 Metaspace       used 66125K, capacity 67762K, committed 67928K, reserved 1107968K
  class space    used 8629K, capacity 9040K, committed 9048K, reserved 1048576K
}
Event: 28.184 GC heap before
{Heap before GC invocations=25 (full 4):
 PSYoungGen      total 465920K, used 417758K [0x00000000e0000000, 0x00000000ffd00000, 0x0000000100000000)
  eden space 411648K, 100% used [0x00000000e0000000,0x00000000f9200000,0x00000000f9200000)
  from space 54272K, 11% used [0x00000000fc800000,0x00000000fcdf7a48,0x00000000ffd00000)
  to   space 54784K, 0% used [0x00000000f9200000,0x00000000f9200000,0x00000000fc780000)
 ParOldGen       total 314880K, used 158445K [0x00000000a0000000, 0x00000000b3380000, 0x00000000e0000000)
  object space 314880K, 50% used [0x00000000a0000000,0x00000000a9abb520,0x00000000b3380000)
 Metaspace       used 70639K, capacity 72496K, committed 72792K, reserved 1112064K
  class space    used 9038K, capacity 9501K, committed 9560K, reserved 1048576K
Event: 28.194 GC heap after
Heap after GC invocations=25 (full 4):
 PSYoungGen      total 466432K, used 7906K [0x00000000e0000000, 0x00000000ffe80000, 0x0000000100000000)
  eden space 411648K, 0% used [0x00000000e0000000,0x00000000e0000000,0x00000000f9200000)
  from space 54784K, 14% used [0x00000000f9200000,0x00000000f99b8bf8,0x00000000fc780000)
  to   space 53760K, 0% used [0x00000000fca00000,0x00000000fca00000,0x00000000ffe80000)
 ParOldGen       total 314880K, used 159473K [0x00000000a0000000, 0x00000000b3380000, 0x00000000e0000000)
  object space 314880K, 50% used [0x00000000a0000000,0x00000000a9bbc578,0x00000000b3380000)
 Metaspace       used 70639K, capacity 72496K, committed 72792K, reserved 1112064K
  class space    used 9038K, capacity 9501K, committed 9560K, reserved 1048576K
}

